<?xml version="1.0" encoding="UTF-8"?>
<!-- Generated by org.testng.reporters.JUnitReportReporter -->
<testsuite hostname="DESKTOP-P0L6N4R" failures="0" tests="1" name="TestNG.Test1" time="0.006" errors="0" timestamp="2022-01-09T15:28:45 IST" skipped="0">
  <testcase classname="TestNG.Test1" name="demo" time="0.006"/>
  <system-out>
    <![CDATA[hi]]>
  </system-out>
</testsuite> <!-- TestNG.Test1 -->
