<?xml version="1.0" encoding="UTF-8"?>
<!-- Generated by org.testng.reporters.JUnitReportReporter -->
<testsuite hostname="DESKTOP-P0L6N4R" failures="0" tests="5" name="TestNG.Test2" time="0.044" errors="0" timestamp="2022-01-09T15:28:45 IST" skipped="0">
  <testcase classname="TestNG.Test2" name="pr" time="0.024"/>
  <system-out>
    <![CDATA[hello]]>
  </system-out>
  <testcase classname="TestNG.Test2" name="pr2" time="0.001"/>
  <system-out>
    <![CDATA[hello]]>
  </system-out>
  <testcase classname="TestNG.Test2" name="pr1" time="0.004"/>
  <system-out>
    <![CDATA[hello]]>
  </system-out>
  <testcase classname="TestNG.Test2" name="pr1" time="0.011"/>
  <system-out>
    <![CDATA[hello]]>
  </system-out>
  <testcase classname="TestNG.Test2" name="pr2" time="0.004"/>
  <system-out>
    <![CDATA[hello]]>
  </system-out>
</testsuite> <!-- TestNG.Test2 -->
